<?xml version="1.0" encoding="UTF-8"?>
<testsuite xmlns:xsi="http://www.w3.org/2001/XMLSchema-instance" xsi:noNamespaceSchemaLocation="https://maven.apache.org/surefire/maven-surefire-plugin/xsd/surefire-test-report.xsd" version="3.0.2" name="tg.univlome.epl.pharmarciemanagement.services.ValidationServiceTest" time="0.047" tests="25" errors="0" skipped="0" failures="0">
  <properties>
[...]
</properties>
  <testcase name="testPrix_invalidText" classname="tg.univlome.epl.pharmarciemanagement.services.ValidationServiceTest" time="0.0"/>
  <testcase name="testPrix_withComma" classname="tg.univlome.epl.pharmarciemanagement.services.ValidationServiceTest" time="0.0"/>
  <testcase name="testDatePeremption_futureDate" classname="tg.univlome.epl.pharmarciemanagement.services.ValidationServiceTest" time="0.013"/>
  <testcase name="testQuantite_negative" classname="tg.univlome.epl.pharmarciemanagement.services.ValidationServiceTest" time="0.0"/>
  <testcase name="testDesignation_empty" classname="tg.univlome.epl.pharmarciemanagement.services.ValidationServiceTest" time="0.0"/>
  <testcase name="testDesignation_valid" classname="tg.univlome.epl.pharmarciemanagement.services.ValidationServiceTest" time="0.001"/>
  <testcase name="testCode_empty" classname="tg.univlome.epl.pharmarciemanagement.services.ValidationServiceTest" time="0.0"/>
  <testcase name="testDesignation_null" classname="tg.univlome.epl.pharmarciemanagement.services.ValidationServiceTest" time="0.001"/>
  <testcase name="testPrix_empty" classname="tg.univlome.epl.pharmarciemanagement.services.ValidationServiceTest" time="0.0"/>
  <testcase name="testPrix_zero" classname="tg.univlome.epl.pharmarciemanagement.services.ValidationServiceTest" time="0.0"/>
  <testcase name="testValidateAll_invalidQuantite" classname="tg.univlome.epl.pharmarciemanagement.services.ValidationServiceTest" time="0.004"/>
  <testcase name="testCode_null" classname="tg.univlome.epl.pharmarciemanagement.services.ValidationServiceTest" time="0.001"/>
  <testcase name="testDatePeremption_pastDate" classname="tg.univlome.epl.pharmarciemanagement.services.ValidationServiceTest" time="0.003"/>
  <testcase name="testDatePeremption_empty" classname="tg.univlome.epl.pharmarciemanagement.services.ValidationServiceTest" time="0.0"/>
  <testcase name="testDatePeremption_today" classname="tg.univlome.epl.pharmarciemanagement.services.ValidationServiceTest" time="0.0"/>
  <testcase name="testPrix_negative" classname="tg.univlome.epl.pharmarciemanagement.services.ValidationServiceTest" time="0.0"/>
  <testcase name="testQuantite_zero" classname="tg.univlome.epl.pharmarciemanagement.services.ValidationServiceTest" time="0.001"/>
  <testcase name="testDatePeremption_null" classname="tg.univlome.epl.pharmarciemanagement.services.ValidationServiceTest" time="0.0"/>
  <testcase name="testQuantite_invalidText" classname="tg.univlome.epl.pharmarciemanagement.services.ValidationServiceTest" time="0.0"/>
  <testcase name="testDatePeremption_invalidFormat" classname="tg.univlome.epl.pharmarciemanagement.services.ValidationServiceTest" time="0.0"/>
  <testcase name="testValidateAll_invalidDate" classname="tg.univlome.epl.pharmarciemanagement.services.ValidationServiceTest" time="0.0"/>
  <testcase name="testDatePeremption_validFormat_YYYY_MM_DD" classname="tg.univlome.epl.pharmarciemanagement.services.ValidationServiceTest" time="0.0"/>
  <testcase name="testQuantite_empty" classname="tg.univlome.epl.pharmarciemanagement.services.ValidationServiceTest" time="0.0"/>
  <testcase name="testQuantite_valid" classname="tg.univlome.epl.pharmarciemanagement.services.ValidationServiceTest" time="0.0"/>
  <testcase name="testPrix_withDot" classname="tg.univlome.epl.pharmarciemanagement.services.ValidationServiceTest" time="0.002"/>
</testsuite>